
=== Fri Jul 15 18:42:17 2022

Packages were changed.
Update Mode: updateDependencies

The following packages were updated:
  com.unity.collab-proxy from version 1.5.7 to 1.15.18
  com.unity.ide.rider from version 3.0.6 to 3.0.14
  com.unity.ide.visualstudio from version 2.0.8 to 2.0.15
  com.unity.ide.vscode from version 1.2.3 to 1.2.5
  com.unity.test-framework from version 1.1.24 to 1.1.31
  com.unity.timeline from version 1.5.5 to 1.6.4
  com.unity.visualscripting from version 1.6.1 to 1.7.8

=== Mon Jul 18 20:06:49 2022

Packages were changed.
Update Mode: mergeDefaultDependencies

The following packages were added:
  com.unity.cinemachine@2.8.0
  com.unity.feature.development@1.0.1
  com.unity.inputsystem@1.1.1
  com.unity.learn.iet-framework@2.0.0
  com.unity.live-capture@1.0.1
  com.unity.render-pipelines.high-definition@12.1.0

=== Tue Jul 26 21:46:33 2022

Packages were changed.
Update Mode: updateDependencies

The following packages were updated:
  com.unity.ide.rider from version 3.0.14 to 3.0.15
  com.unity.ide.visualstudio from version 2.0.15 to 2.0.16

=== Wed Oct 26 12:29:38 2022

Packages were changed.
Update Mode: updateDependencies

The following packages were updated:
  com.unity.cinemachine from version 2.8.6 to 2.8.9
  com.unity.collab-proxy from version 1.17.1 to 1.17.2
  com.unity.ext.nunit from version 1.0.0 to 1.0.6
  com.unity.inputsystem from version 1.3.0 to 1.4.3
  com.unity.postprocessing from version 2.1.7 to 3.2.2
The following packages were removed:
  com.unity.package-manager-ui@2.2.0

=== Sun Feb 19 20:00:21 2023

Packages were changed.
Update Mode: mergeDefaultDependencies

The following packages were added:
  com.unity.feature.development@1.0.1
  com.unity.render-pipelines.high-definition@12.1.7
  com.unity.terrain-tools@4.0.3
  com.unity.modules.nvidia@1.0.0
The following packages were updated:
  com.unity.cinemachine from version 2.8.9 to 2.9.1
  com.unity.test-framework from version 1.1.31 to 1.1.33
